<?xml version="1.0" encoding="UTF-8"?>
<!-- Generated by org.testng.reporters.JUnitReportReporter -->
<testsuite hostname="DESKTOP-2MGUQIL" failures="0" tests="1" name="zooMgmt.AddVisitorOneTest" time="7.755" errors="0" timestamp="2023-01-02T17:45:55 IST" skipped="0">
  <testcase classname="zooMgmt.AddVisitorOneTest" name="addVisitor" time="7.755"/>
  <system-out/>
</testsuite> <!-- zooMgmt.AddVisitorOneTest -->
