<?xml version="1.0" encoding="UTF-8"?>
<!-- Generated by org.testng.reporters.JUnitReportReporter -->
<testsuite hostname="DESKTOP-2MGUQIL" failures="0" tests="1" name="normalPeopleReports.ReportsDatapresentOrNot" time="26.678" errors="0" timestamp="2023-01-02T17:31:45 IST" skipped="0">
  <testcase classname="normalPeopleReports.ReportsDatapresentOrNot" name="normalReport" time="26.678"/>
  <system-out/>
</testsuite> <!-- normalPeopleReports.ReportsDatapresentOrNot -->
