<?xml version="1.0" encoding="UTF-8"?>
<!-- Generated by org.testng.reporters.JUnitReportReporter -->
<testsuite hostname="DESKTOP-2MGUQIL" failures="0" tests="1" name="zooMgmt.BooknormalTicket" time="11.193" errors="0" timestamp="2023-01-02T10:50:33 IST" skipped="0">
  <testcase classname="zooMgmt.BooknormalTicket" name="normalTicketBooking" time="11.193"/>
  <system-out/>
</testsuite> <!-- zooMgmt.BooknormalTicket -->
