<?xml version="1.0" encoding="UTF-8"?>
<!-- Generated by org.testng.reporters.JUnitReportReporter -->
<testsuite hostname="DESKTOP-2MGUQIL" failures="0" tests="1" name="normalPeopleReports.NormalTicketWithBase" time="3.562" errors="0" timestamp="2023-01-04T15:07:55 IST" skipped="0">
  <testcase classname="normalPeopleReports.NormalTicketWithBase" name="normalTicket" time="3.562"/>
  <system-out/>
</testsuite> <!-- normalPeopleReports.NormalTicketWithBase -->
