<?xml version="1.0" encoding="UTF-8"?>
<!-- Generated by org.testng.reporters.JUnitReportReporter -->
<testsuite hostname="DESKTOP-2MGUQIL" failures="0" tests="1" name="zooMgmt.BookTicketForeigner_2" time="15.258" errors="0" timestamp="2023-01-02T11:43:12 IST" skipped="0">
  <testcase classname="zooMgmt.BookTicketForeigner_2" name="ForeignTicket_2" time="15.258"/>
  <system-out/>
</testsuite> <!-- zooMgmt.BookTicketForeigner_2 -->
