<?xml version="1.0" encoding="UTF-8"?>
<!-- Generated by org.testng.reporters.JUnitReportReporter -->
<testsuite hostname="DESKTOP-2MGUQIL" failures="0" tests="1" name="normalPeopleReports.NormalPeopleReport_1" time="13.565" errors="0" timestamp="2023-01-02T17:31:45 IST" skipped="0">
  <testcase classname="normalPeopleReports.NormalPeopleReport_1" name="normalReport" time="13.565"/>
  <system-out/>
</testsuite> <!-- normalPeopleReports.NormalPeopleReport_1 -->
