<?xml version="1.0" encoding="UTF-8"?>
<!-- Generated by org.testng.reporters.JUnitReportReporter -->
<testsuite hostname="DESKTOP-2MGUQIL" failures="0" tests="1" name="zooMgmt.BookForeignTicketWithExcelFileTest" time="15.807" errors="0" timestamp="2023-01-02T12:41:28 IST" skipped="0">
  <testcase classname="zooMgmt.BookForeignTicketWithExcelFileTest" name="ticketForeign" time="15.807"/>
  <system-out/>
</testsuite> <!-- zooMgmt.BookForeignTicketWithExcelFileTest -->
