<?xml version="1.0" encoding="UTF-8"?>
<!-- Generated by org.testng.reporters.JUnitReportReporter -->
<testsuite hostname="DESKTOP-2MGUQIL" failures="0" tests="1" name="ForeignTickets.ForeignTicketWithBase" time="3.143" errors="0" timestamp="2023-01-04T14:47:32 IST" skipped="0">
  <testcase classname="ForeignTickets.ForeignTicketWithBase" name="foreign" time="3.143"/>
  <system-out/>
</testsuite> <!-- ForeignTickets.ForeignTicketWithBase -->
